\BOOKMARK [1][-]{section.1}{\376\377\000T\000h\000i\000n\000g\000s\000\040\000t\000o\000\040\000b\000e\000\040\000d\000o\000n\000e\000\040\000b\000e\000f\000o\000r\000e\000\040\000c\000o\000m\000m\000i\000t}{}% 1
\BOOKMARK [1][-]{section.2}{\376\377\000C\000a\000v\000e\000a\000t\000s}{}% 2
\BOOKMARK [1][-]{section.3}{\376\377\000G\000i\000t}{}% 3
\BOOKMARK [2][-]{subsection.3.1}{\376\377\000B\000a\000s\000i\000c\000\040\000G\000i\000t\000\040\000W\000o\000r\000k\000f\000l\000o\000w}{section.3}% 4
\BOOKMARK [2][-]{subsection.3.2}{\376\377\000H\000o\000w\000\040\000t\000o\000\040\000B\000a\000c\000k\000t\000r\000a\000c\000k\000\040\000i\000n\000\040\000G\000i\000t}{section.3}% 5
\BOOKMARK [3][-]{subsubsection.3.2.1}{\376\377\000h\000e\000a\000d\000\040\000c\000o\000m\000m\000i\000t}{subsection.3.2}% 6
\BOOKMARK [3][-]{subsubsection.3.2.2}{\376\377\000g\000i\000t\000\040\000c\000h\000e\000c\000k\000o\000u\000t}{subsection.3.2}% 7
\BOOKMARK [3][-]{subsubsection.3.2.3}{\376\377\000g\000i\000t\000\040\000r\000e\000s\000e\000t\000\040\000I}{subsection.3.2}% 8
\BOOKMARK [3][-]{subsubsection.3.2.4}{\376\377\000g\000i\000t\000\040\000r\000e\000s\000e\000t\000\040\000I\000I}{subsection.3.2}% 9
\BOOKMARK [2][-]{subsection.3.3}{\376\377\000G\000i\000t\000\040\000B\000r\000a\000n\000c\000h\000i\000n\000g}{section.3}% 10
\BOOKMARK [3][-]{subsubsection.3.3.1}{\376\377\000g\000i\000t\000\040\000m\000e\000r\000g\000e}{subsection.3.3}% 11
\BOOKMARK [3][-]{subsubsection.3.3.2}{\376\377\000d\000e\000l\000e\000t\000e\000\040\000b\000r\000a\000n\000c\000h}{subsection.3.3}% 12
\BOOKMARK [3][-]{subsubsection.3.3.3}{\376\377\000C\000o\000n\000c\000l\000u\000s\000i\000o\000n}{subsection.3.3}% 13
\BOOKMARK [2][-]{subsection.3.4}{\376\377\000G\000i\000t\000\040\000T\000e\000a\000m\000w\000o\000r\000k}{section.3}% 14
\BOOKMARK [3][-]{subsubsection.3.4.1}{\376\377\000g\000i\000t\000\040\000c\000l\000o\000n\000e}{subsection.3.4}% 15
\BOOKMARK [3][-]{subsubsection.3.4.2}{\376\377\000g\000i\000t\000\040\000r\000e\000m\000o\000t\000e\000\040\000-\000v}{subsection.3.4}% 16
\BOOKMARK [3][-]{subsubsection.3.4.3}{\376\377\000g\000i\000t\000\040\000f\000e\000t\000c\000h}{subsection.3.4}% 17
\BOOKMARK [3][-]{subsubsection.3.4.4}{\376\377\000g\000i\000t\000\040\000m\000e\000r\000g\000e}{subsection.3.4}% 18
\BOOKMARK [3][-]{subsubsection.3.4.5}{\376\377\000g\000i\000t\000\040\000p\000u\000s\000h}{subsection.3.4}% 19
\BOOKMARK [2][-]{subsection.3.5}{\376\377\000c\000r\000e\000a\000t\000e\000-\000r\000e\000a\000c\000t\000-\000a\000p\000p\000\040\000a\000n\000d\000\040\000g\000i\000t}{section.3}% 20
\BOOKMARK [2][-]{subsection.3.6}{\376\377\000Y\000o\000u\000r\000\040\000b\000r\000a\000n\000c\000h\000\040\000a\000n\000d\000\040\000'\000o\000r\000i\000g\000i\000n\000/\000m\000a\000s\000t\000e\000r\000'\000\040\000h\000a\000v\000e\000\040\000d\000i\000v\000e\000r\000g\000e\000d\000,\000\040\000h\000o\000w\000\040\000t\000o\000\040\000u\000n\000d\000i\000v\000e\000r\000g\000e\000\040\000b\000r\000a\000n\000c\000h\000e\000s\000?}{section.3}% 21
\BOOKMARK [1][-]{section.4}{\376\377\000V\000S\000C\000o\000d\000e}{}% 22
\BOOKMARK [1][-]{section.5}{\376\377\000R\000e\000a\000c\000t}{}% 23
\BOOKMARK [2][-]{subsection.5.1}{\376\377\122\033\136\372\000R\000e\000a\000c\000t\230\171\166\356\000\040\000A\000d\000d\000\040\000R\000e\000a\000c\000t\000\040\000t\000o\000\040\000a\000\040\000N\000e\000w\000\040\000A\000p\000p\000l\000i\000c\000a\000t\000i\000o\000n}{section.5}% 24
\BOOKMARK [2][-]{subsection.5.2}{\376\377\000J\000S\000X}{section.5}% 25
\BOOKMARK [3][-]{subsubsection.5.2.1}{\376\377\000J\000S\000X\000\040\000c\000a\000v\000e\000a\000t\000s}{subsection.5.2}% 26
\BOOKMARK [3][-]{subsubsection.5.2.2}{\376\377\000J\000S\000X\000\040\000c\000o\000n\000d\000i\000t\000i\000o\000n\000a\000l\000s}{subsection.5.2}% 27
\BOOKMARK [3][-]{subsubsection.5.2.3}{\376\377\000.\000m\000a\000p\000\040\000i\000n\000\040\000J\000S\000X}{subsection.5.2}% 28
\BOOKMARK [3][-]{subsubsection.5.2.4}{\376\377\000K\000e\000y\000s\000\040\000i\000n\000\040\000J\000S\000X}{subsection.5.2}% 29
\BOOKMARK [2][-]{subsection.5.3}{\376\377\000T\000h\000e\000\040\000c\000o\000m\000p\000o\000n\000e\000n\000t}{section.5}% 30
\BOOKMARK [2][-]{subsection.5.4}{\376\377\000C\000o\000m\000p\000o\000n\000e\000n\000t\000s\000\040\000a\000n\000d\000\040\000a\000d\000v\000a\000n\000c\000e\000d\000\040\000J\000S\000X}{section.5}% 31
\BOOKMARK [3][-]{subsubsection.5.4.1}{\376\377\000P\000u\000t\000\040\000L\000o\000g\000i\000c\000\040\000i\000n\000\040\000a\000\040\000R\000e\000n\000d\000e\000r\000\040\000F\000u\000n\000c\000t\000i\000o\000n}{subsection.5.4}% 32
\BOOKMARK [3][-]{subsubsection.5.4.2}{\376\377\000U\000s\000e\000\040\000t\000h\000i\000s\000\040\000i\000n\000\040\000a\000\040\000C\000o\000m\000p\000o\000n\000e\000n\000t}{subsection.5.4}% 33
\BOOKMARK [3][-]{subsubsection.5.4.3}{\376\377\000U\000s\000e\000\040\000a\000n\000\040\000E\000v\000e\000n\000t\000\040\000L\000i\000s\000t\000e\000n\000e\000r\000\040\000i\000n\000\040\000a\000\040\000C\000o\000m\000p\000o\000n\000e\000n\000t}{subsection.5.4}% 34
\BOOKMARK [2][-]{subsection.5.5}{\376\377\000C\000o\000m\000p\000o\000n\000e\000n\000t\000s\000\040\000r\000e\000n\000d\000e\000r\000\040\000o\000t\000h\000e\000r\000\040\000c\000o\000m\000p\000o\000n\000e\000n\000t\000s}{section.5}% 35
\BOOKMARK [3][-]{subsubsection.5.5.1}{\376\377\000A\000\040\000C\000o\000m\000p\000o\000n\000e\000n\000t\000\040\000i\000n\000\040\000a\000\040\000R\000e\000n\000d\000e\000r\000\040\000F\000u\000n\000c\000t\000i\000o\000n}{subsection.5.5}% 36
\BOOKMARK [2][-]{subsection.5.6}{\376\377\000t\000h\000i\000s\000.\000p\000r\000o\000p\000s}{section.5}% 37
\BOOKMARK [3][-]{subsubsection.5.6.1}{\376\377\000A\000c\000c\000e\000s\000s\000\040\000a\000\040\000C\000o\000m\000p\000o\000n\000e\000n\000t\000'\000s\000\040\000p\000r\000o\000p\000s}{subsection.5.6}% 38
\BOOKMARK [3][-]{subsubsection.5.6.2}{\376\377\000P\000a\000s\000s\000\040\000`\000p\000r\000o\000p\000s\000`\000\040\000t\000o\000\040\000a\000\040\000C\000o\000m\000p\000o\000n\000e\000n\000t}{subsection.5.6}% 39
\BOOKMARK [3][-]{subsubsection.5.6.3}{\376\377\000R\000e\000n\000d\000e\000r\000\040\000a\000\040\000C\000o\000m\000p\000o\000n\000e\000n\000t\000'\000s\000\040\000p\000r\000o\000p\000s}{subsection.5.6}% 40
\BOOKMARK [3][-]{subsubsection.5.6.4}{\376\377\000P\000a\000s\000s\000\040\000p\000r\000o\000p\000s\000\040\000F\000r\000o\000m\000\040\000C\000o\000m\000p\000o\000n\000e\000n\000t\000\040\000T\000o\000\040\000C\000o\000m\000p\000o\000n\000e\000n\000t}{subsection.5.6}% 41
\BOOKMARK [3][-]{subsubsection.5.6.5}{\376\377\000R\000e\000c\000e\000i\000v\000e\000\040\000a\000n\000\040\000E\000v\000e\000n\000t\000\040\000H\000a\000n\000d\000l\000e\000r\000\040\000a\000s\000\040\000a\000\040\000p\000r\000o\000p}{subsection.5.6}% 42
\BOOKMARK [3][-]{subsubsection.5.6.6}{\376\377\000t\000h\000i\000s\000.\000p\000r\000o\000p\000s\000.\000c\000h\000i\000l\000d\000r\000e\000n}{subsection.5.6}% 43
\BOOKMARK [3][-]{subsubsection.5.6.7}{\376\377\000d\000e\000f\000a\000u\000l\000t\000P\000r\000o\000p\000s}{subsection.5.6}% 44
\BOOKMARK [2][-]{subsection.5.7}{\376\377\000t\000h\000i\000s\000.\000s\000t\000a\000t\000e}{section.5}% 45
\BOOKMARK [3][-]{subsubsection.5.7.1}{\376\377\000S\000e\000t\000t\000i\000n\000g\000\040\000I\000n\000i\000t\000i\000a\000l\000\040\000S\000t\000a\000t\000e}{subsection.5.7}% 46
\BOOKMARK [3][-]{subsubsection.5.7.2}{\376\377\000U\000p\000d\000a\000t\000e\000\040\000s\000t\000a\000t\000e\000\040\000w\000i\000t\000h\000\040\000t\000h\000i\000s\000.\000s\000e\000t\000S\000t\000a\000t\000e}{subsection.5.7}% 47
\BOOKMARK [3][-]{subsubsection.5.7.3}{\376\377\000C\000a\000l\000l\000\040\000t\000h\000i\000s\000.\000s\000e\000t\000S\000t\000a\000t\000e\000\040\000f\000r\000o\000m\000\040\000A\000n\000o\000t\000h\000e\000r\000\040\000F\000u\000n\000c\000t\000i\000o\000n}{subsection.5.7}% 48
\BOOKMARK [2][-]{subsection.5.8}{\376\377\000C\000h\000i\000l\000d\000\040\000C\000o\000m\000p\000o\000n\000e\000n\000t\000s\000\040\000U\000p\000d\000a\000t\000e\000\040\000T\000h\000e\000i\000r\000\040\000P\000a\000r\000e\000n\000t\000s\000'\000\040\000s\000t\000a\000t\000e}{section.5}% 49
\BOOKMARK [2][-]{subsection.5.9}{\376\377\000C\000h\000i\000l\000d\000\040\000C\000o\000m\000p\000o\000n\000e\000n\000t\000s\000\040\000U\000p\000d\000a\000t\000e\000\040\000T\000h\000e\000i\000r\000\040\000S\000i\000b\000l\000i\000n\000g\000s\000'\000\040\000p\000r\000o\000p\000s}{section.5}% 50
\BOOKMARK [2][-]{subsection.5.10}{\376\377\000A\000\040\000c\000o\000n\000t\000r\000o\000l\000l\000e\000d\000\040\000c\000o\000m\000p\000o\000n\000e\000n\000t\000\040\000e\000x\000a\000m\000p\000l\000e}{section.5}% 51
\BOOKMARK [2][-]{subsection.5.11}{\376\377\000A\000d\000v\000a\000n\000c\000e\000d\000\040\000R\000e\000a\000c\000t\000\040\000T\000e\000c\000h\000n\000i\000q\000u\000e\000s}{section.5}% 52
\BOOKMARK [3][-]{subsubsection.5.11.1}{\376\377\000R\000e\000a\000c\000t\000\040\000s\000t\000y\000l\000e\000s}{subsection.5.11}% 53
\BOOKMARK [3][-]{subsubsection.5.11.2}{\376\377\000A\000n\000o\000t\000h\000e\000r\000\040\000R\000e\000a\000c\000t\000\040\000p\000a\000t\000t\000e\000r\000n}{subsection.5.11}% 54
\BOOKMARK [3][-]{subsubsection.5.11.3}{\376\377\000p\000r\000o\000p\000T\000y\000p\000e\000s}{subsection.5.11}% 55
\BOOKMARK [3][-]{subsubsection.5.11.4}{\376\377\000P\000r\000o\000p\000T\000y\000p\000e\000s\000\040\000i\000n\000\040\000S\000t\000a\000t\000e\000l\000e\000s\000s\000\040\000F\000u\000n\000c\000t\000i\000o\000n\000a\000l\000\040\000C\000o\000m\000p\000o\000n\000e\000n\000t\000s}{subsection.5.11}% 56
\BOOKMARK [3][-]{subsubsection.5.11.5}{\376\377\000R\000e\000a\000c\000t\000\040\000f\000o\000r\000m\000s}{subsection.5.11}% 57
\BOOKMARK [2][-]{subsection.5.12}{\376\377\000L\000i\000f\000e\000c\000y\000c\000l\000e\000\040\000M\000e\000t\000h\000o\000d\000s}{section.5}% 58
\BOOKMARK [3][-]{subsubsection.5.12.1}{\376\377\000M\000o\000u\000n\000t\000i\000n\000g\000\040\000l\000i\000f\000e\000c\000y\000c\000l\000e\000\040\000m\000e\000t\000h\000o\000d\000s}{subsection.5.12}% 59
\BOOKMARK [3][-]{subsubsection.5.12.2}{\376\377\000U\000p\000d\000a\000t\000i\000n\000g\000/\000u\000n\000m\000o\000u\000n\000t\000i\000n\000g\000\040\000l\000i\000f\000e\000c\000y\000c\000l\000e\000\040\000m\000e\000t\000h\000o\000d\000s}{subsection.5.12}% 60
\BOOKMARK [1][-]{section.6}{\376\377\000r\000e\000a\000c\000t}{}% 61
\BOOKMARK [2][-]{subsection.6.1}{\376\377\000r\000e\000a\000c\000t\000\040\000t\000h\000i\000s\000\040\000r\000e\000d\116\345\116\013\220\375\116\072\154\241\127\050\000c\000o\000n\000s\000t\000r\000u\000c\000t\000o\000r\221\314\227\142\217\333\210\114\000t\000h\000i\000s\220\246\133\232}{section.6}% 62
\BOOKMARK [2][-]{subsection.6.2}{\376\377\000r\000e\000a\000c\000t\000\040\000s\000t\000y\000l\000e\000s}{section.6}% 63
\BOOKMARK [2][-]{subsection.6.3}{\376\377\000l\000e\000s\000s}{section.6}% 64
\BOOKMARK [2][-]{subsection.6.4}{\376\377\000A\000r\000r\000a\000y\000\040\000m\000a\000p\000\040\000m\000e\000t\000h\000o\000d}{section.6}% 65
\BOOKMARK [2][-]{subsection.6.5}{\376\377\000r\000e\000a\000c\000t\232\330\226\066\176\304\116\366\000\040\000\050\000h\000i\000g\000h\000\040\000o\000r\000d\000e\000r\000\040\000c\000o\000m\000p\000o\000n\000e\000n\000t\000\051}{section.6}% 66
\BOOKMARK [1][-]{section.7}{\376\377\000w\000e\000c\000h\000a\000t\000\040\000m\000i\000n\000i\000\040\000p\000r\000o\000g\000r\000a\000m}{}% 67
\BOOKMARK [2][-]{subsection.7.1}{\376\377\150\106\147\266}{section.7}% 68
\BOOKMARK [1][-]{section.8}{\376\377\000J\000a\000v\000a\000S\000c\000r\000i\000p\000t}{}% 69
\BOOKMARK [2][-]{subsection.8.1}{\376\377\000j\000s\142\151\134\125\217\320\173\227\173\046\000\050\000s\000p\000r\000e\000a\000d\000\051\146\057\116\011\116\052\160\271\000\050\000.\000.\000.\000\051}{section.8}% 70
\BOOKMARK [2][-]{subsection.8.2}{\376\377\000o\000b\000j\000e\000c\000t}{section.8}% 71
\BOOKMARK [3][-]{subsubsection.8.2.1}{\376\377\000L\000o\000o\000p\000i\000n\000g\000\040\000T\000h\000r\000o\000u\000g\000h\000\040\000O\000b\000j\000e\000c\000t\000s}{subsection.8.2}% 72
\BOOKMARK [2][-]{subsection.8.3}{\376\377\000c\000l\000a\000s\000s}{section.8}% 73
\BOOKMARK [2][-]{subsection.8.4}{\376\377\000R\000e\000q\000u\000e\000s\000t}{section.8}% 74
\BOOKMARK [2][-]{subsection.8.5}{\376\377\000E\000r\000r\000o\000r\000s}{section.8}% 75
\BOOKMARK [1][-]{section.9}{\376\377\000C\000S\000S}{}% 76
\BOOKMARK [2][-]{subsection.9.1}{\376\377\000C\000a\000v\000e\000a\000t\000s}{section.9}% 77
\BOOKMARK [2][-]{subsection.9.2}{\376\377\000M\000e\000d\000i\000a\000\040\000Q\000u\000e\000r\000i\000e\000s}{section.9}% 78
\BOOKMARK [2][-]{subsection.9.3}{\376\377\000C\000S\000S\000\040\000D\000i\000s\000p\000l\000a\000y\000\040\000a\000n\000d\000\040\000P\000o\000s\000i\000t\000i\000o\000n\000i\000n\000g}{section.9}% 79
\BOOKMARK [2][-]{subsection.9.4}{\376\377\000T\000h\000e\000\040\000b\000o\000x\000\040\000m\000o\000d\000e\000l}{section.9}% 80
\BOOKMARK [2][-]{subsection.9.5}{\376\377\000N\000o\000n\000-\000I\000n\000h\000e\000r\000i\000t\000e\000d\000\040\000p\000r\000o\000p\000e\000r\000t\000i\000e\000s}{section.9}% 81
\BOOKMARK [2][-]{subsection.9.6}{\376\377\000L\000e\000a\000r\000n\000\040\000R\000e\000s\000p\000o\000n\000s\000i\000v\000e\000\040\000D\000e\000s\000i\000g\000n}{section.9}% 82
\BOOKMARK [3][-]{subsubsection.9.6.1}{\376\377\000P\000e\000r\000c\000e\000n\000t\000a\000g\000e\000s\000:\000\040\000P\000a\000d\000d\000i\000n\000g\000\040\000\046\000\040\000M\000a\000r\000g\000i\000n}{subsection.9.6}% 83
\BOOKMARK [2][-]{subsection.9.7}{\376\377\000d\000i\000s\000p\000l\000a\000y\000\040\000p\000r\000o\000p\000e\000r\000t\000y}{section.9}% 84
\BOOKMARK [2][-]{subsection.9.8}{\376\377\000G\000r\000i\000d\000\040\000l\000a\000y\000o\000u\000t}{section.9}% 85
\BOOKMARK [2][-]{subsection.9.9}{\376\377\000p\000\040\000t\000a\000g}{section.9}% 86
\BOOKMARK [1][-]{section.10}{\376\377\000N\000o\000d\000e}{}% 87
\BOOKMARK [1][-]{section.11}{\376\377\000n\000p\000m}{}% 88
\BOOKMARK [1][-]{section.12}{\376\377\000D\000O\000M}{}% 89
\BOOKMARK [1][-]{section.13}{\376\377\000c\000m\000d}{}% 90
\BOOKMARK [1][-]{section.14}{\376\377\116\055\145\207\173\024\213\260}{}% 91
\BOOKMARK [1][-]{section.15}{\376\377\124\175\124\015\211\304\203\003\000\040\000N\000a\000m\000e\000\040\000c\000o\000n\000v\000e\000n\000t\000i\000o\000n}{}% 92
\BOOKMARK [1][-]{section.16}{\376\377\000A\000b\000b\000r}{}% 93
